# JRE version: Java(TM) SE Runtime Environment (8.0_202-b08) (build 1.8.0_202-b08)
# Java VM: Java HotSpot(TM) 64-Bit Server VM (25.202-b08 mixed mode windows-amd64 compressed oops)
Heap:
 PSYoungGen      total 35328K, used 24306K [0x00000000eb200000, 0x00000000efd00000, 0x0000000100000000)
  eden space 32768K, 74% used [0x00000000eb200000,0x00000000ec9bc9d8,0x00000000ed200000)
  from space 2560K, 0% used [0x00000000ed200000,0x00000000ed200000,0x00000000ed480000)
  to   space 5632K, 0% used [0x00000000ef780000,0x00000000ef780000,0x00000000efd00000)
 ParOldGen       total 33792K, used 8025K [0x00000000c1600000, 0x00000000c3700000, 0x00000000eb200000)
  object space 33792K, 23% used [0x00000000c1600000,0x00000000c1dd6550,0x00000000c3700000)
 Metaspace       used 22989K, capacity 24022K, committed 24320K, reserved 1073152K
  class space    used 2990K, capacity 3255K, committed 3328K, reserved 1048576K
GC Heap History (10 events):
Event: 5.376 GC heap before
{Heap before GC invocations=2 (full 0):
 PSYoungGen      total 18944K, used 18940K [0x00000000eb200000, 0x00000000ec700000, 0x0000000100000000)
  eden space 16384K, 100% used [0x00000000eb200000,0x00000000ec200000,0x00000000ec200000)
  from space 2560K, 99% used [0x00000000ec200000,0x00000000ec47f1f0,0x00000000ec480000)
  to   space 2560K, 0% used [0x00000000ec480000,0x00000000ec480000,0x00000000ec700000)
 ParOldGen       total 44032K, used 1361K [0x00000000c1600000, 0x00000000c4100000, 0x00000000eb200000)
  object space 44032K, 3% used [0x00000000c1600000,0x00000000c17545c8,0x00000000c4100000)
 Metaspace       used 12443K, capacity 12868K, committed 12928K, reserved 1060864K
  class space    used 1526K, capacity 1660K, committed 1664K, reserved 1048576K
Event: 5.404 GC heap after
Heap after GC invocations=2 (full 0):
 PSYoungGen      total 18944K, used 2528K [0x00000000eb200000, 0x00000000ed700000, 0x0000000100000000)
  eden space 16384K, 0% used [0x00000000eb200000,0x00000000eb200000,0x00000000ec200000)
  from space 2560K, 98% used [0x00000000ec480000,0x00000000ec6f8040,0x00000000ec700000)
  to   space 2560K, 0% used [0x00000000ec200000,0x00000000ec200000,0x00000000ec480000)
 ParOldGen       total 44032K, used 3330K [0x00000000c1600000, 0x00000000c4100000, 0x00000000eb200000)
  object space 44032K, 7% used [0x00000000c1600000,0x00000000c1940998,0x00000000c4100000)
 Metaspace       used 12443K, capacity 12868K, committed 12928K, reserved 1060864K
  class space    used 1526K, capacity 1660K, committed 1664K, reserved 1048576K
}
Event: 6.710 GC heap before
{Heap before GC invocations=3 (full 0):
 PSYoungGen      total 18944K, used 18912K [0x00000000eb200000, 0x00000000ed700000, 0x0000000100000000)
  eden space 16384K, 100% used [0x00000000eb200000,0x00000000ec200000,0x00000000ec200000)
  from space 2560K, 98% used [0x00000000ec480000,0x00000000ec6f8040,0x00000000ec700000)
  to   space 2560K, 0% used [0x00000000ec200000,0x00000000ec200000,0x00000000ec480000)
 ParOldGen       total 44032K, used 3330K [0x00000000c1600000, 0x00000000c4100000, 0x00000000eb200000)
  object space 44032K, 7% used [0x00000000c1600000,0x00000000c1940998,0x00000000c4100000)
 Metaspace       used 15744K, capacity 16268K, committed 16512K, reserved 1062912K
  class space    used 1942K, capacity 2086K, committed 2176K, reserved 1048576K
Event: 6.822 GC heap after
Heap after GC invocations=3 (full 0):
 PSYoungGen      total 18944K, used 2544K [0x00000000eb200000, 0x00000000ed700000, 0x0000000100000000)
  eden space 16384K, 0% used [0x00000000eb200000,0x00000000eb200000,0x00000000ec200000)
  from space 2560K, 99% used [0x00000000ec200000,0x00000000ec47c060,0x00000000ec480000)
  to   space 2560K, 0% used [0x00000000ed480000,0x00000000ed480000,0x00000000ed700000)
 ParOldGen       total 44032K, used 5495K [0x00000000c1600000, 0x00000000c4100000, 0x00000000eb200000)
  object space 44032K, 12% used [0x00000000c1600000,0x00000000c1b5dd60,0x00000000c4100000)
 Metaspace       used 15744K, capacity 16268K, committed 16512K, reserved 1062912K
  class space    used 1942K, capacity 2086K, committed 2176K, reserved 1048576K
}
Event: 8.591 GC heap before
{Heap before GC invocations=4 (full 0):
 PSYoungGen      total 18944K, used 18928K [0x00000000eb200000, 0x00000000ed700000, 0x0000000100000000)
  eden space 16384K, 100% used [0x00000000eb200000,0x00000000ec200000,0x00000000ec200000)
  from space 2560K, 99% used [0x00000000ec200000,0x00000000ec47c060,0x00000000ec480000)
  to   space 2560K, 0% used [0x00000000ed480000,0x00000000ed480000,0x00000000ed700000)
 ParOldGen       total 44032K, used 5495K [0x00000000c1600000, 0x00000000c4100000, 0x00000000eb200000)
  object space 44032K, 12% used [0x00000000c1600000,0x00000000c1b5dd60,0x00000000c4100000)
 Metaspace       used 18328K, capacity 18840K, committed 19072K, reserved 1067008K
  class space    used 2263K, capacity 2422K, committed 2432K, reserved 1048576K
Event: 8.616 GC heap after
Heap after GC invocations=4 (full 0):
 PSYoungGen      total 35328K, used 2528K [0x00000000eb200000, 0x00000000ed700000, 0x0000000100000000)
  eden space 32768K, 0% used [0x00000000eb200000,0x00000000eb200000,0x00000000ed200000)
  from space 2560K, 98% used [0x00000000ed480000,0x00000000ed6f8040,0x00000000ed700000)
  to   space 2560K, 0% used [0x00000000ed200000,0x00000000ed200000,0x00000000ed480000)
 ParOldGen       total 44032K, used 8378K [0x00000000c1600000, 0x00000000c4100000, 0x00000000eb200000)
  object space 44032K, 19% used [0x00000000c1600000,0x00000000c1e2e9f0,0x00000000c4100000)
 Metaspace       used 18328K, capacity 18840K, committed 19072K, reserved 1067008K
  class space    used 2263K, capacity 2422K, committed 2432K, reserved 1048576K
}
Event: 13.123 GC heap before
{Heap before GC invocations=5 (full 0):
 PSYoungGen      total 35328K, used 14793K [0x00000000eb200000, 0x00000000ed700000, 0x0000000100000000)
  eden space 32768K, 37% used [0x00000000eb200000,0x00000000ebdfa710,0x00000000ed200000)
  from space 2560K, 98% used [0x00000000ed480000,0x00000000ed6f8040,0x00000000ed700000)
  to   space 2560K, 0% used [0x00000000ed200000,0x00000000ed200000,0x00000000ed480000)
 ParOldGen       total 44032K, used 8378K [0x00000000c1600000, 0x00000000c4100000, 0x00000000eb200000)
  object space 44032K, 19% used [0x00000000c1600000,0x00000000c1e2e9f0,0x00000000c4100000)
 Metaspace       used 20293K, capacity 21198K, committed 21248K, reserved 1067008K
  class space    used 2575K, capacity 2807K, committed 2816K, reserved 1048576K
Event: 13.150 GC heap after
Heap after GC invocations=5 (full 0):
 PSYoungGen      total 35328K, used 2535K [0x00000000eb200000, 0x00000000efd00000, 0x0000000100000000)
  eden space 32768K, 0% used [0x00000000eb200000,0x00000000eb200000,0x00000000ed200000)
  from space 2560K, 99% used [0x00000000ed200000,0x00000000ed479cd8,0x00000000ed480000)
  to   space 5632K, 0% used [0x00000000ef780000,0x00000000ef780000,0x00000000efd00000)
 ParOldGen       total 44032K, used 9957K [0x00000000c1600000, 0x00000000c4100000, 0x00000000eb200000)
  object space 44032K, 22% used [0x00000000c1600000,0x00000000c1fb95e8,0x00000000c4100000)
 Metaspace       used 20293K, capacity 21198K, committed 21248K, reserved 1067008K
  class space    used 2575K, capacity 2807K, committed 2816K, reserved 1048576K
}
Event: 13.150 GC heap before
{Heap before GC invocations=6 (full 1):
 PSYoungGen      total 35328K, used 2535K [0x00000000eb200000, 0x00000000efd00000, 0x0000000100000000)
  eden space 32768K, 0% used [0x00000000eb200000,0x00000000eb200000,0x00000000ed200000)
  from space 2560K, 99% used [0x00000000ed200000,0x00000000ed479cd8,0x00000000ed480000)
  to   space 5632K, 0% used [0x00000000ef780000,0x00000000ef780000,0x00000000efd00000)
 ParOldGen       total 44032K, used 9957K [0x00000000c1600000, 0x00000000c4100000, 0x00000000eb200000)
  object space 44032K, 22% used [0x00000000c1600000,0x00000000c1fb95e8,0x00000000c4100000)
 Metaspace       used 20293K, capacity 21198K, committed 21248K, reserved 1067008K
  class space    used 2575K, capacity 2807K, committed 2816K, reserved 1048576K
Event: 13.323 GC heap after
Heap after GC invocations=6 (full 1):
 PSYoungGen      total 35328K, used 0K [0x00000000eb200000, 0x00000000efd00000, 0x0000000100000000)
  eden space 32768K, 0% used [0x00000000eb200000,0x00000000eb200000,0x00000000ed200000)
  from space 2560K, 0% used [0x00000000ed200000,0x00000000ed200000,0x00000000ed480000)
  to   space 5632K, 0% used [0x00000000ef780000,0x00000000ef780000,0x00000000efd00000)
 ParOldGen       total 33792K, used 8025K [0x00000000c1600000, 0x00000000c3700000, 0x00000000eb200000)
  object space 33792K, 23% used [0x00000000c1600000,0x00000000c1dd6550,0x00000000c3700000)
 Metaspace       used 20293K, capacity 21198K, committed 21248K, reserved 1067008K
  class space    used 2575K, capacity 2807K, committed 2816K, reserved 1048576K
}

