<?xml version="1.0" encoding="UTF-8"?>
<!-- Generated by org.testng.reporters.JUnitXMLReporter -->
<testsuite hostname="PREM-PC" ignored="0" name="Test1" tests="3" failures="0" timestamp="2022-09-15T17:16:17 GMT+05:30" time="229.585" errors="0">
  <testcase name="createCategoryAndCreateSubCategoryAndInsertProductTest" time="60.804" classname="org.zolando.CreateCategoryAndCreateSubCategoryAndInsertProductTest"/>
  <testcase name="placeOrderAndCheckStatusTest" time="78.46" classname="org.zolando.PlaceOrderAndCheckStatusTest"/>
  <testcase name="deleteAllProductsAndDeleteAllSubCategoryAndDeleteAllCategoryTest" time="40.387" classname="org.zolando.DeleteAllProductsAndDeleteAllSubCategoryAndDeleteAllCategoryTest"/>
</testsuite> <!-- Test1 -->
